<?xml version="1.0" encoding="UTF-8"?>
<!-- Generated by org.testng.reporters.JUnitReportReporter -->
<testsuite skipped="0" hostname="DESKTOP-D28T060" name="com.qspiders.eshopping.testscripts.TC001" tests="1" failures="0" timestamp="2021-04-15T13:28:14 IST" time="18.696" errors="0">
  <testcase name="testProductInODP" time="18.696" classname="com.qspiders.eshopping.testscripts.TC001"/>
  <system-out/>
</testsuite> <!-- com.qspiders.eshopping.testscripts.TC001 -->
