<?xml version="1.0" encoding="UTF-8"?>
<!-- Generated by org.testng.reporters.JUnitReportReporter -->
<testsuite skipped="0" hostname="DESKTOP-D28T060" name="com.qspiders.eshopping.testscripts.TC004" tests="5" failures="0" timestamp="2021-04-16T12:24:39 IST" time="77.508" errors="0">
  <testcase name="testProductInODP" time="14.119" classname="com.qspiders.eshopping.testscripts.TC004"/>
  <system-out/>
  <testcase name="testProductInODP" time="15.342" classname="com.qspiders.eshopping.testscripts.TC004"/>
  <system-out/>
  <testcase name="testProductInODP" time="12.859" classname="com.qspiders.eshopping.testscripts.TC004"/>
  <system-out/>
  <testcase name="testProductInODP" time="17.891" classname="com.qspiders.eshopping.testscripts.TC004"/>
  <system-out/>
  <testcase name="testProductInODP" time="17.297" classname="com.qspiders.eshopping.testscripts.TC004"/>
  <system-out/>
</testsuite> <!-- com.qspiders.eshopping.testscripts.TC004 -->
